[Mon Apr 16 06:20:42.902053 2018] [ssl:warn] [pid 27948:tid 564] AH01909: localhost:443:0 server certificate does NOT include an ID which matches the server name
[Mon Apr 16 06:20:43.028246 2018] [ssl:warn] [pid 27948:tid 564] AH01909: localhost:443:0 server certificate does NOT include an ID which matches the server name
[Mon Apr 16 06:20:43.157615 2018] [mpm_winnt:notice] [pid 27948:tid 564] AH00455: Apache/2.4.33 (Win64) OpenSSL/1.1.0h PHP/7.1.16 configured -- resuming normal operations
[Mon Apr 16 06:20:43.157615 2018] [mpm_winnt:notice] [pid 27948:tid 564] AH00456: Server built: Mar 17 2018 21:05:15
[Mon Apr 16 06:20:43.157615 2018] [core:notice] [pid 27948:tid 564] AH00094: Command line: 'httpd -d H:/Program Files (x86)/Apache24'
[Mon Apr 16 06:20:43.185224 2018] [mpm_winnt:notice] [pid 27948:tid 564] AH00418: Parent: Created child process 31652
Apache server interrupted...
018] [ssl:warn] [pid 31652:tid 600] AH01909: localhost:443:0 server certificate does NOT include an ID which matches the server name
[Mon Apr 16 06:20:44.121018 2018] [ssl:warn] [pid 31652:tid 600] AH01909: localhost:443:0 server certificate does NOT include an ID which matches the server name
[Mon Apr 16 06:20:44.255195 2018] [mpm_winnt:notice] [pid 31652:tid 600] AH00354: Child: Starting 64 worker threads.
[Mon Apr 16 06:21:20.461173 2018] [php7:error] [pid 31652:tid 1132] [client ::1:53951] PHP Fatal error:  Uncaught Error: Call to undefined function mysql_connect() in H:\\School\\Spring 2018\\CMPSC 431\\site\\php\\php_utilities.php:18\nStack trace:\n#0 H:\\School\\Spring 2018\\CMPSC 431\\site\\php\\home.php(9): open_connection_to_mysql()\n#1 {main}\n  thrown in H:\\School\\Spring 2018\\CMPSC 431\\site\\php\\php_utilities.php on line 18, referer: http://localhost/
[Mon Apr 16 07:03:16.055275 2018] [php7:warn] [pid 31652:tid 1152] [client 127.0.0.1:54003] PHP Warning:  mysqli_connect(): (HY000/1045): Access denied for user 'william'@'localhost' (using password: YES) in H:\\School\\Spring 2018\\CMPSC 431\\site\\php\\php_utilities.php on line 40, referer: http://localhost/
[Mon Apr 16 07:03:16.055275 2018] [php7:notice] [pid 31652:tid 1152] [client 127.0.0.1:54003] PHP Notice:  Use of undefined constant connection - assumed 'connection' in H:\\School\\Spring 2018\\CMPSC 431\\site\\php\\php_utilities.php on line 19, referer: http://localhost/
[Mon Apr 16 07:03:16.055275 2018] [php7:warn] [pid 31652:tid 1152] [client 127.0.0.1:54003] PHP Warning:  mysqli_select_db() expects parameter 1 to be mysqli, boolean given in H:\\School\\Spring 2018\\CMPSC 431\\site\\php\\php_utilities.php on line 56, referer: http://localhost/
[Mon Apr 16 07:03:16.055275 2018] [php7:warn] [pid 31652:tid 1152] [client 127.0.0.1:54003] PHP Warning:  mysqli_close() expects parameter 1 to be mysqli, boolean given in H:\\School\\Spring 2018\\CMPSC 431\\site\\php\\php_utilities.php on line 64, referer: http://localhost/
[Mon Apr 16 07:03:36.609783 2018] [php7:warn] [pid 31652:tid 1152] [client 127.0.0.1:54013] PHP Warning:  mysqli_connect(): (HY000/1045): Access denied for user 'william'@'localhost' (using password: YES) in H:\\School\\Spring 2018\\CMPSC 431\\site\\php\\php_utilities.php on line 40, referer: http://localhost/
[Mon Apr 16 07:03:36.609783 2018] [php7:notice] [pid 31652:tid 1152] [client 127.0.0.1:54013] PHP Notice:  Use of undefined constant connection - assumed 'connection' in H:\\School\\Spring 2018\\CMPSC 431\\site\\php\\php_utilities.php on line 19, referer: http://localhost/
[Mon Apr 16 07:03:36.609783 2018] [php7:warn] [pid 31652:tid 1152] [client 127.0.0.1:54013] PHP Warning:  mysqli_select_db() expects parameter 1 to be mysqli, boolean given in H:\\School\\Spring 2018\\CMPSC 431\\site\\php\\php_utilities.php on line 56, referer: http://localhost/
[Mon Apr 16 07:03:36.609783 2018] [php7:error] [pid 31652:tid 1152] [client 127.0.0.1:54013] PHP Fatal error:  Uncaught ArgumentCountError: Too few arguments to function uty_mysql_query(), 1 passed in H:\\School\\Spring 2018\\CMPSC 431\\site\\php\\SelectByCategory.php on line 62 and exactly 2 expected in H:\\School\\Spring 2018\\CMPSC 431\\site\\php\\php_utilities.php:68\nStack trace:\n#0 H:\\School\\Spring 2018\\CMPSC 431\\site\\php\\SelectByCategory.php(62): uty_mysql_query('SELECT v.vin, v...')\n#1 H:\\School\\Spring 2018\\CMPSC 431\\site\\php\\SelectByCategory.php(23): query_auctions_from_database('All', 'None')\n#2 {main}\n  thrown in H:\\School\\Spring 2018\\CMPSC 431\\site\\php\\php_utilities.php on line 68, referer: http://localhost/
[Mon Apr 16 07:09:26.291680 2018] [php7:notice] [pid 31652:tid 1112] [client 127.0.0.1:54034] PHP Notice:  Use of undefined constant connection - assumed 'connection' in H:\\School\\Spring 2018\\CMPSC 431\\site\\php\\php_utilities.php on line 19, referer: http://localhost/
[Mon Apr 16 07:09:32.870333 2018] [php7:notice] [pid 31652:tid 1112] [client 127.0.0.1:54036] PHP Notice:  Use of undefined constant connection - assumed 'connection' in H:\\School\\Spring 2018\\CMPSC 431\\site\\php\\php_utilities.php on line 19, referer: http://localhost/
[Mon Apr 16 07:09:32.871335 2018] [php7:error] [pid 31652:tid 1112] [client 127.0.0.1:54036] PHP Fatal error:  Uncaught ArgumentCountError: Too few arguments to function uty_mysql_query(), 1 passed in H:\\School\\Spring 2018\\CMPSC 431\\site\\php\\SelectByCategory.php on line 62 and exactly 2 expected in H:\\School\\Spring 2018\\CMPSC 431\\site\\php\\php_utilities.php:68\nStack trace:\n#0 H:\\School\\Spring 2018\\CMPSC 431\\site\\php\\SelectByCategory.php(62): uty_mysql_query('SELECT v.vin, v...')\n#1 H:\\School\\Spring 2018\\CMPSC 431\\site\\php\\SelectByCategory.php(23): query_auctions_from_database('All', 'None')\n#2 {main}\n  thrown in H:\\School\\Spring 2018\\CMPSC 431\\site\\php\\php_utilities.php on line 68, referer: http://localhost/
[Mon Apr 16 07:31:24.846872 2018] [php7:notice] [pid 31652:tid 1152] [client 127.0.0.1:54062] PHP Notice:  Use of undefined constant qry - assumed 'qry' in H:\\School\\Spring 2018\\CMPSC 431\\site\\php\\validateUsernamePassword.php on line 20, referer: http://localhost/
[Mon Apr 16 07:40:16.108787 2018] [mpm_winnt:notice] [pid 27948:tid 564] AH00422: Parent: Received shutdown signal -- Shutting down the server.
Apache server interrupted...
[Mon Apr 16 07:40:18.110318 2018] [mpm_winnt:notice] [pid 31652:tid 600] AH00364: Child: All worker threads have exited.
[Mon Apr 16 07:40:18.135681 2018] [mpm_winnt:notice] [pid 27948:tid 564] AH00430: Parent: Child process 31652 exited successfully.
[Mon Apr 16 07:41:10.650073 2018] [ssl:warn] [pid 35956:tid 612] AH01909: localhost:443:0 server certificate does NOT include an ID which matches the server name
[Mon Apr 16 07:41:10.765340 2018] [ssl:warn] [pid 35956:tid 612] AH01909: localhost:443:0 server certificate does NOT include an ID which matches the server name
[Mon Apr 16 07:41:10.899320 2018] [mpm_winnt:notice] [pid 35956:tid 612] AH00455: Apache/2.4.33 (Win64) OpenSSL/1.1.0h PHP/7.1.16 configured -- resuming normal operations
[Mon Apr 16 07:41:10.899320 2018] [mpm_winnt:notice] [pid 35956:tid 612] AH00456: Server built: Mar 17 2018 21:05:15
[Mon Apr 16 07:41:10.899320 2018] [core:notice] [pid 35956:tid 612] AH00094: Command line: 'H:\\Program Files (x86)\\Apache24\\bin\\httpd.exe -d H:/Program Files (x86)/Apache24'
[Mon Apr 16 07:41:10.927395 2018] [mpm_winnt:notice] [pid 35956:tid 612] AH00418: Parent: Created child process 36032
Apache server shutdown initiated...
sl:warn] [pid 36032:tid 328] AH01909: localhost:443:0 server certificate does NOT include an ID which matches the server name
[Mon Apr 16 07:41:11.834646 2018] [ssl:warn] [pid 36032:tid 328] AH01909: localhost:443:0 server certificate does NOT include an ID which matches the server name
[Mon Apr 16 07:41:11.957146 2018] [mpm_winnt:notice] [pid 36032:tid 328] AH00354: Child: Starting 64 worker threads.
[Mon Apr 16 07:44:20.521164 2018] [mpm_winnt:notice] [pid 35956:tid 612] AH00422: Parent: Received shutdown signal -- Shutting down the server.
[Mon Apr 16 07:44:22.523086 2018] [mpm_winnt:notice] [pid 36032:tid 328] AH00364: Child: All worker threads have exited.
[Mon Apr 16 07:44:22.548615 2018] [mpm_winnt:notice] [pid 35956:tid 612] AH00430: Parent: Child process 36032 exited successfully.
[Mon Apr 16 08:04:03.358227 2018] [ssl:warn] [pid 30712:tid 668] AH01909: localhost:443:0 server certificate does NOT include an ID which matches the server name
[Mon Apr 16 08:04:03.465321 2018] [ssl:warn] [pid 30712:tid 668] AH01909: localhost:443:0 server certificate does NOT include an ID which matches the server name
[Mon Apr 16 08:04:03.588709 2018] [mpm_winnt:notice] [pid 30712:tid 668] AH00455: Apache/2.4.33 (Win64) OpenSSL/1.1.0h PHP/7.1.16 configured -- resuming normal operations
[Mon Apr 16 08:04:03.588709 2018] [mpm_winnt:notice] [pid 30712:tid 668] AH00456: Server built: Mar 17 2018 21:05:15
[Mon Apr 16 08:04:03.588709 2018] [core:notice] [pid 30712:tid 668] AH00094: Command line: 'H:\\Program Files (x86)\\Apache24\\bin\\httpd.exe -d H:/Program Files (x86)/Apache24'
[Mon Apr 16 08:04:03.614774 2018] [mpm_winnt:notice] [pid 30712:tid 668] AH00418: Parent: Created child process 35296
Apache server shutdown initiated...
sl:warn] [pid 35296:tid 548] AH01909: localhost:443:0 server certificate does NOT include an ID which matches the server name
[Mon Apr 16 08:04:04.535393 2018] [ssl:warn] [pid 35296:tid 548] AH01909: localhost:443:0 server certificate does NOT include an ID which matches the server name
[Mon Apr 16 08:04:04.661646 2018] [mpm_winnt:notice] [pid 35296:tid 548] AH00354: Child: Starting 64 worker threads.
[Mon Apr 16 08:04:31.185700 2018] [php7:notice] [pid 35296:tid 1148] [client ::1:54334] PHP Notice:  Undefined variable: argv in H:\\School\\Spring 2018\\CMPSC 431\\site\\php\\search.php on line 10, referer: http://localhost/
[Mon Apr 16 08:04:31.185700 2018] [php7:warn] [pid 35296:tid 1148] [client ::1:54334] PHP Warning:  Invalid argument supplied for foreach() in H:\\School\\Spring 2018\\CMPSC 431\\site\\php\\search.php on line 10, referer: http://localhost/
[Mon Apr 16 08:04:37.831493 2018] [php7:notice] [pid 35296:tid 1140] [client ::1:54337] PHP Notice:  Undefined variable: argv in H:\\School\\Spring 2018\\CMPSC 431\\site\\php\\search.php on line 10, referer: http://localhost/
[Mon Apr 16 08:04:37.831493 2018] [php7:warn] [pid 35296:tid 1140] [client ::1:54337] PHP Warning:  Invalid argument supplied for foreach() in H:\\School\\Spring 2018\\CMPSC 431\\site\\php\\search.php on line 10, referer: http://localhost/
[Mon Apr 16 08:04:39.839227 2018] [php7:notice] [pid 35296:tid 1140] [client ::1:54337] PHP Notice:  Undefined variable: argv in H:\\School\\Spring 2018\\CMPSC 431\\site\\php\\search.php on line 10, referer: http://localhost/
[Mon Apr 16 08:04:39.839227 2018] [php7:warn] [pid 35296:tid 1140] [client ::1:54337] PHP Warning:  Invalid argument supplied for foreach() in H:\\School\\Spring 2018\\CMPSC 431\\site\\php\\search.php on line 10, referer: http://localhost/
[Mon Apr 16 08:09:32.805605 2018] [php7:notice] [pid 35296:tid 1124] [client ::1:54394] PHP Notice:  Undefined variable: argv in H:\\School\\Spring 2018\\CMPSC 431\\site\\php\\search.php on line 10, referer: http://localhost/
[Mon Apr 16 08:09:32.805605 2018] [php7:warn] [pid 35296:tid 1124] [client ::1:54394] PHP Warning:  Invalid argument supplied for foreach() in H:\\School\\Spring 2018\\CMPSC 431\\site\\php\\search.php on line 10, referer: http://localhost/
[Mon Apr 16 08:09:40.757696 2018] [php7:notice] [pid 35296:tid 1124] [client ::1:54396] PHP Notice:  Undefined variable: argv in H:\\School\\Spring 2018\\CMPSC 431\\site\\php\\search.php on line 10, referer: http://localhost/
[Mon Apr 16 08:09:40.757696 2018] [php7:warn] [pid 35296:tid 1124] [client ::1:54396] PHP Warning:  Invalid argument supplied for foreach() in H:\\School\\Spring 2018\\CMPSC 431\\site\\php\\search.php on line 10, referer: http://localhost/
[Mon Apr 16 08:10:09.318154 2018] [php7:notice] [pid 35296:tid 1124] [client ::1:54422] PHP Notice:  Undefined variable: argv in H:\\School\\Spring 2018\\CMPSC 431\\site\\php\\search.php on line 10, referer: http://localhost/
[Mon Apr 16 08:10:09.318154 2018] [php7:warn] [pid 35296:tid 1124] [client ::1:54422] PHP Warning:  Invalid argument supplied for foreach() in H:\\School\\Spring 2018\\CMPSC 431\\site\\php\\search.php on line 10, referer: http://localhost/
[Mon Apr 16 08:10:33.740649 2018] [php7:notice] [pid 35296:tid 1124] [client ::1:54427] PHP Notice:  Undefined variable: argv in H:\\School\\Spring 2018\\CMPSC 431\\site\\php\\search.php on line 10, referer: http://localhost/
[Mon Apr 16 08:10:33.740649 2018] [php7:warn] [pid 35296:tid 1124] [client ::1:54427] PHP Warning:  Invalid argument supplied for foreach() in H:\\School\\Spring 2018\\CMPSC 431\\site\\php\\search.php on line 10, referer: http://localhost/
[Mon Apr 16 08:14:16.055065 2018] [php7:crit] [pid 35296:tid 1148] [client ::1:54445] PHP Parse error:  syntax error, unexpected '}', expecting end of file in H:\\School\\Spring 2018\\CMPSC 431\\site\\php\\search.php on line 18, referer: http://localhost/
[Mon Apr 16 08:18:35.624239 2018] [php7:crit] [pid 35296:tid 1096] [client ::1:54471] PHP Parse error:  syntax error, unexpected '}', expecting end of file in H:\\School\\Spring 2018\\CMPSC 431\\site\\php\\search.php on line 18, referer: http://localhost/
[Mon Apr 16 09:15:59.005631 2018] [mpm_winnt:notice] [pid 30712:tid 668] AH00422: Parent: Received shutdown signal -- Shutting down the server.
[Mon Apr 16 09:16:01.008141 2018] [mpm_winnt:notice] [pid 35296:tid 548] AH00364: Child: All worker threads have exited.
[Mon Apr 16 09:16:01.036223 2018] [mpm_winnt:notice] [pid 30712:tid 668] AH00430: Parent: Child process 35296 exited successfully.
[Wed Apr 18 23:40:59.001141 2018] [ssl:warn] [pid 11588:tid 348] AH01909: localhost:443:0 server certificate does NOT include an ID which matches the server name
[Wed Apr 18 23:40:59.188633 2018] [ssl:warn] [pid 11588:tid 348] AH01909: localhost:443:0 server certificate does NOT include an ID which matches the server name
[Wed Apr 18 23:40:59.204234 2018] [mpm_winnt:notice] [pid 11588:tid 348] AH00455: Apache/2.4.33 (Win64) OpenSSL/1.1.0h PHP/7.1.16 configured -- resuming normal operations
[Wed Apr 18 23:40:59.204234 2018] [mpm_winnt:notice] [pid 11588:tid 348] AH00456: Server built: Mar 17 2018 21:05:15
[Wed Apr 18 23:40:59.204234 2018] [core:notice] [pid 11588:tid 348] AH00094: Command line: 'httpd.exe -d C:/Apache24'
[Wed Apr 18 23:40:59.204234 2018] [mpm_winnt:notice] [pid 11588:tid 348] AH00418: Parent: Created child process 10000
Apache server interrupted...
018] [ssl:warn] [pid 10000:tid 364] AH01909: localhost:443:0 server certificate does NOT include an ID which matches the server name
[Wed Apr 18 23:40:59.594859 2018] [ssl:warn] [pid 10000:tid 364] AH01909: localhost:443:0 server certificate does NOT include an ID which matches the server name
[Wed Apr 18 23:40:59.610484 2018] [mpm_winnt:notice] [pid 10000:tid 364] AH00354: Child: Starting 64 worker threads.
[Thu Apr 19 04:18:17.110842 2018] [mpm_winnt:notice] [pid 11588:tid 348] AH00422: Parent: Received shutdown signal -- Shutting down the server.
[Thu Apr 19 04:18:19.113254 2018] [mpm_winnt:notice] [pid 10000:tid 364] AH00364: Child: All worker threads have exited.
[Thu Apr 19 04:18:19.500527 2018] [mpm_winnt:notice] [pid 11588:tid 348] AH00430: Parent: Child process 10000 exited successfully.
[Fri Apr 20 15:40:59.391848 2018] [ssl:warn] [pid 7752:tid 348] AH01909: localhost:443:0 server certificate does NOT include an ID which matches the server name
[Fri Apr 20 15:40:59.465256 2018] [ssl:warn] [pid 7752:tid 348] AH01909: localhost:443:0 server certificate does NOT include an ID which matches the server name
[Fri Apr 20 15:40:59.489367 2018] [mpm_winnt:notice] [pid 7752:tid 348] AH00455: Apache/2.4.33 (Win64) OpenSSL/1.1.0h PHP/7.1.16 configured -- resuming normal operations
[Fri Apr 20 15:40:59.489367 2018] [mpm_winnt:notice] [pid 7752:tid 348] AH00456: Server built: Mar 17 2018 21:05:15
[Fri Apr 20 15:40:59.489367 2018] [core:notice] [pid 7752:tid 348] AH00094: Command line: 'C:\\Apache24\\bin\\httpd.exe -d C:/Apache24'
[Fri Apr 20 15:40:59.490367 2018] [mpm_winnt:notice] [pid 7752:tid 348] AH00418: Parent: Created child process 5768
Apache server shutdown initiated...
sl:warn] [pid 5768:tid 356] AH01909: localhost:443:0 server certificate does NOT include an ID which matches the server name
[Fri Apr 20 15:40:59.869851 2018] [ssl:warn] [pid 5768:tid 356] AH01909: localhost:443:0 server certificate does NOT include an ID which matches the server name
[Fri Apr 20 15:40:59.882861 2018] [mpm_winnt:notice] [pid 5768:tid 356] AH00354: Child: Starting 64 worker threads.
[Fri Apr 20 16:17:41.549825 2018] [mpm_winnt:notice] [pid 7752:tid 348] AH00422: Parent: Received shutdown signal -- Shutting down the server.
[Fri Apr 20 16:17:43.551220 2018] [mpm_winnt:notice] [pid 5768:tid 356] AH00364: Child: All worker threads have exited.
[Fri Apr 20 16:17:43.828023 2018] [mpm_winnt:notice] [pid 7752:tid 348] AH00430: Parent: Child process 5768 exited successfully.
[Fri Apr 20 19:43:21.442753 2018] [ssl:warn] [pid 10680:tid 348] AH01909: localhost:443:0 server certificate does NOT include an ID which matches the server name
[Fri Apr 20 19:43:21.474007 2018] [ssl:warn] [pid 10680:tid 348] AH01909: localhost:443:0 server certificate does NOT include an ID which matches the server name
[Fri Apr 20 19:43:21.474007 2018] [mpm_winnt:notice] [pid 10680:tid 348] AH00455: Apache/2.4.33 (Win64) OpenSSL/1.1.0h PHP/7.1.16 configured -- resuming normal operations
[Fri Apr 20 19:43:21.474007 2018] [mpm_winnt:notice] [pid 10680:tid 348] AH00456: Server built: Mar 17 2018 21:05:15
[Fri Apr 20 19:43:21.474007 2018] [core:notice] [pid 10680:tid 348] AH00094: Command line: 'C:\\Apache24\\bin\\httpd.exe -d C:/Apache24'
[Fri Apr 20 19:43:21.474007 2018] [mpm_winnt:notice] [pid 10680:tid 348] AH00418: Parent: Created child process 8084
Apache server shutdown initiated...
sl:warn] [pid 8084:tid 356] AH01909: localhost:443:0 server certificate does NOT include an ID which matches the server name
[Fri Apr 20 19:43:21.724035 2018] [ssl:warn] [pid 8084:tid 356] AH01909: localhost:443:0 server certificate does NOT include an ID which matches the server name
[Fri Apr 20 19:43:21.739615 2018] [mpm_winnt:notice] [pid 8084:tid 356] AH00354: Child: Starting 64 worker threads.
[Fri Apr 20 20:10:11.914035 2018] [php7:crit] [pid 8084:tid 920] [client ::1:57150] PHP Parse error:  syntax error, unexpected end of file in C:\\william\\PennState\\2018Spring\\CMPSC431W-DB\\project\\web\\site\\php\\placeBid.php on line 177, referer: http://localhost/
[Fri Apr 20 20:55:17.603789 2018] [php7:crit] [pid 8084:tid 916] [client ::1:57214] PHP Parse error:  syntax error, unexpected ')', expecting ';' in C:\\william\\PennState\\2018Spring\\CMPSC431W-DB\\project\\web\\site\\php\\placeBid.php on line 172, referer: http://localhost/
[Fri Apr 20 20:55:41.379645 2018] [php7:crit] [pid 8084:tid 916] [client ::1:57229] PHP Parse error:  syntax error, unexpected '<<' (T_SL) in C:\\william\\PennState\\2018Spring\\CMPSC431W-DB\\project\\web\\site\\php\\placeBid.php on line 186, referer: http://localhost/
[Fri Apr 20 20:56:17.371190 2018] [php7:crit] [pid 8084:tid 916] [client ::1:57232] PHP Parse error:  syntax error, unexpected end of file in C:\\william\\PennState\\2018Spring\\CMPSC431W-DB\\project\\web\\site\\php\\placeBid.php on line 206, referer: http://localhost/
[Fri Apr 20 21:18:45.107059 2018] [mpm_winnt:notice] [pid 10680:tid 348] AH00422: Parent: Received shutdown signal -- Shutting down the server.
[Fri Apr 20 21:18:47.108959 2018] [mpm_winnt:notice] [pid 8084:tid 356] AH00364: Child: All worker threads have exited.
[Fri Apr 20 21:18:47.156261 2018] [mpm_winnt:notice] [pid 10680:tid 348] AH00430: Parent: Child process 8084 exited successfully.
[Fri Apr 20 21:32:06.419884 2018] [ssl:warn] [pid 7732:tid 348] AH01909: localhost:443:0 server certificate does NOT include an ID which matches the server name
[Fri Apr 20 21:32:06.453020 2018] [ssl:warn] [pid 7732:tid 348] AH01909: localhost:443:0 server certificate does NOT include an ID which matches the server name
[Fri Apr 20 21:32:06.460025 2018] [mpm_winnt:notice] [pid 7732:tid 348] AH00455: Apache/2.4.33 (Win64) OpenSSL/1.1.0h PHP/7.1.16 configured -- resuming normal operations
[Fri Apr 20 21:32:06.460025 2018] [mpm_winnt:notice] [pid 7732:tid 348] AH00456: Server built: Mar 17 2018 21:05:15
[Fri Apr 20 21:32:06.460025 2018] [core:notice] [pid 7732:tid 348] AH00094: Command line: 'C:\\Apache24\\bin\\httpd.exe -d C:/Apache24'
[Fri Apr 20 21:32:06.461024 2018] [mpm_winnt:notice] [pid 7732:tid 348] AH00418: Parent: Created child process 10840
Apache server shutdown initiated...
sl:warn] [pid 10840:tid 356] AH01909: localhost:443:0 server certificate does NOT include an ID which matches the server name
[Fri Apr 20 21:32:06.755209 2018] [ssl:warn] [pid 10840:tid 356] AH01909: localhost:443:0 server certificate does NOT include an ID which matches the server name
[Fri Apr 20 21:32:06.766217 2018] [mpm_winnt:notice] [pid 10840:tid 356] AH00354: Child: Starting 64 worker threads.
[Fri Apr 20 21:32:21.418458 2018] [php7:notice] [pid 10840:tid 944] [client ::1:57492] PHP Notice:  Undefined index: image in C:\\william\\PennState\\2018Spring\\CMPSC431W-DB\\project\\web\\site\\php\\placeBid.php on line 56, referer: http://localhost/
[Fri Apr 20 21:36:42.269456 2018] [php7:notice] [pid 10840:tid 944] [client ::1:57533] PHP Notice:  Undefined variable: reviewDate in C:\\william\\PennState\\2018Spring\\CMPSC431W-DB\\project\\web\\site\\php\\placeBid.php on line 179, referer: http://localhost/
[Fri Apr 20 21:36:42.269456 2018] [php7:warn] [pid 10840:tid 944] [client ::1:57533] PHP Warning:  A non-numeric value encountered in C:\\william\\PennState\\2018Spring\\CMPSC431W-DB\\project\\web\\site\\php\\placeBid.php on line 180, referer: http://localhost/
[Fri Apr 20 21:36:42.283834 2018] [php7:warn] [pid 10840:tid 944] [client ::1:57533] PHP Warning:  A non-numeric value encountered in C:\\william\\PennState\\2018Spring\\CMPSC431W-DB\\project\\web\\site\\php\\placeBid.php on line 180, referer: http://localhost/
[Fri Apr 20 21:36:42.283834 2018] [php7:notice] [pid 10840:tid 944] [client ::1:57533] PHP Notice:  Undefined variable: reviewDate in C:\\william\\PennState\\2018Spring\\CMPSC431W-DB\\project\\web\\site\\php\\placeBid.php on line 179, referer: http://localhost/
[Fri Apr 20 21:36:42.283834 2018] [php7:warn] [pid 10840:tid 944] [client ::1:57533] PHP Warning:  A non-numeric value encountered in C:\\william\\PennState\\2018Spring\\CMPSC431W-DB\\project\\web\\site\\php\\placeBid.php on line 180, referer: http://localhost/
[Fri Apr 20 21:36:42.290139 2018] [php7:warn] [pid 10840:tid 944] [client ::1:57533] PHP Warning:  A non-numeric value encountered in C:\\william\\PennState\\2018Spring\\CMPSC431W-DB\\project\\web\\site\\php\\placeBid.php on line 187, referer: http://localhost/
[Fri Apr 20 21:38:40.773896 2018] [php7:warn] [pid 10840:tid 944] [client ::1:57551] PHP Warning:  A non-numeric value encountered in C:\\william\\PennState\\2018Spring\\CMPSC431W-DB\\project\\web\\site\\php\\placeBid.php on line 180, referer: http://localhost/
[Fri Apr 20 21:38:40.773896 2018] [php7:warn] [pid 10840:tid 944] [client ::1:57551] PHP Warning:  A non-numeric value encountered in C:\\william\\PennState\\2018Spring\\CMPSC431W-DB\\project\\web\\site\\php\\placeBid.php on line 180, referer: http://localhost/
[Fri Apr 20 21:38:40.773896 2018] [php7:warn] [pid 10840:tid 944] [client ::1:57551] PHP Warning:  A non-numeric value encountered in C:\\william\\PennState\\2018Spring\\CMPSC431W-DB\\project\\web\\site\\php\\placeBid.php on line 180, referer: http://localhost/
[Fri Apr 20 21:38:40.773896 2018] [php7:warn] [pid 10840:tid 944] [client ::1:57551] PHP Warning:  A non-numeric value encountered in C:\\william\\PennState\\2018Spring\\CMPSC431W-DB\\project\\web\\site\\php\\placeBid.php on line 187, referer: http://localhost/
[Fri Apr 20 21:46:06.321173 2018] [php7:warn] [pid 10840:tid 944] [client ::1:57593] PHP Warning:  A non-numeric value encountered in C:\\william\\PennState\\2018Spring\\CMPSC431W-DB\\project\\web\\site\\php\\placeBid.php on line 188, referer: http://localhost/
[Fri Apr 20 21:46:06.321173 2018] [php7:warn] [pid 10840:tid 944] [client ::1:57593] PHP Warning:  A non-numeric value encountered in C:\\william\\PennState\\2018Spring\\CMPSC431W-DB\\project\\web\\site\\php\\placeBid.php on line 188, referer: http://localhost/
[Fri Apr 20 21:51:02.479757 2018] [php7:warn] [pid 10840:tid 944] [client ::1:57613] PHP Warning:  A non-numeric value encountered in C:\\william\\PennState\\2018Spring\\CMPSC431W-DB\\project\\web\\site\\php\\placeBid.php on line 189, referer: http://localhost/
[Fri Apr 20 21:51:02.479757 2018] [php7:warn] [pid 10840:tid 944] [client ::1:57613] PHP Warning:  A non-numeric value encountered in C:\\william\\PennState\\2018Spring\\CMPSC431W-DB\\project\\web\\site\\php\\placeBid.php on line 189, referer: http://localhost/
[Fri Apr 20 21:53:14.162816 2018] [php7:warn] [pid 10840:tid 944] [client ::1:57619] PHP Warning:  A non-numeric value encountered in C:\\william\\PennState\\2018Spring\\CMPSC431W-DB\\project\\web\\site\\php\\placeBid.php on line 189, referer: http://localhost/
[Fri Apr 20 21:53:14.163819 2018] [php7:warn] [pid 10840:tid 944] [client ::1:57619] PHP Warning:  A non-numeric value encountered in C:\\william\\PennState\\2018Spring\\CMPSC431W-DB\\project\\web\\site\\php\\placeBid.php on line 189, referer: http://localhost/
[Fri Apr 20 22:10:01.307100 2018] [php7:error] [pid 10840:tid 928] [client ::1:57715] script 'C:/william/PennState/2018Spring/CMPSC431W-DB/project/web/site/php/submitBid.php' not found or unable to stat, referer: http://localhost/
[Sat Apr 21 00:14:08.452299 2018] [php7:notice] [pid 10840:tid 928] [client ::1:58654] PHP Notice:  Use of undefined constant qry - assumed 'qry' in C:\\william\\PennState\\2018Spring\\CMPSC431W-DB\\project\\web\\site\\php\\placeBid.php on line 45, referer: http://localhost/
[Sat Apr 21 01:29:14.612322 2018] [php7:crit] [pid 10840:tid 936] [client ::1:59126] PHP Parse error:  syntax error, unexpected 'else' (T_ELSE) in C:\\william\\PennState\\2018Spring\\CMPSC431W-DB\\project\\web\\site\\php\\placeBid.php on line 214, referer: http://localhost/
[Sat Apr 21 01:30:42.573176 2018] [php7:crit] [pid 10840:tid 936] [client ::1:59137] PHP Parse error:  syntax error, unexpected 'elseif' (T_ELSEIF) in C:\\william\\PennState\\2018Spring\\CMPSC431W-DB\\project\\web\\site\\php\\placeBid.php on line 214, referer: http://localhost/
[Sat Apr 21 01:36:37.017430 2018] [php7:notice] [pid 10840:tid 936] [client ::1:59177] PHP Notice:  Undefined index: buynowprice in C:\\william\\PennState\\2018Spring\\CMPSC431W-DB\\project\\web\\site\\php\\placeBid.php on line 27, referer: http://localhost/
[Sat Apr 21 01:40:16.304035 2018] [php7:notice] [pid 10840:tid 936] [client ::1:59188] PHP Notice:  Undefined index: buynowprice in C:\\william\\PennState\\2018Spring\\CMPSC431W-DB\\project\\web\\site\\php\\placeBid.php on line 27, referer: http://localhost/
[Sat Apr 21 01:40:16.308049 2018] [php7:notice] [pid 10840:tid 936] [client ::1:59188] PHP Notice:  Undefined variable: confirmation in C:\\william\\PennState\\2018Spring\\CMPSC431W-DB\\project\\web\\site\\php\\placeBid.php on line 204, referer: http://localhost/
[Sat Apr 21 01:40:16.308049 2018] [php7:notice] [pid 10840:tid 936] [client ::1:59188] PHP Notice:  Undefined variable: email in C:\\william\\PennState\\2018Spring\\CMPSC431W-DB\\project\\web\\site\\php\\placeBid.php on line 205, referer: http://localhost/
[Sat Apr 21 01:40:16.308049 2018] [php7:notice] [pid 10840:tid 936] [client ::1:59188] PHP Notice:  Undefined variable: confirmation in C:\\william\\PennState\\2018Spring\\CMPSC431W-DB\\project\\web\\site\\php\\placeBid.php on line 210, referer: http://localhost/
[Sat Apr 21 01:40:16.308049 2018] [php7:notice] [pid 10840:tid 936] [client ::1:59188] PHP Notice:  Undefined variable: email in C:\\william\\PennState\\2018Spring\\CMPSC431W-DB\\project\\web\\site\\php\\placeBid.php on line 211, referer: http://localhost/
[Sat Apr 21 01:44:26.941987 2018] [php7:notice] [pid 10840:tid 936] [client ::1:59204] PHP Notice:  Undefined index: buynowprice in C:\\william\\PennState\\2018Spring\\CMPSC431W-DB\\project\\web\\site\\php\\placeBid.php on line 27, referer: http://localhost/
[Sat Apr 21 01:44:26.945989 2018] [php7:notice] [pid 10840:tid 936] [client ::1:59204] PHP Notice:  Undefined variable: confirmation in C:\\william\\PennState\\2018Spring\\CMPSC431W-DB\\project\\web\\site\\php\\placeBid.php on line 205, referer: http://localhost/
[Sat Apr 21 01:44:26.945989 2018] [php7:notice] [pid 10840:tid 936] [client ::1:59204] PHP Notice:  Undefined variable: email in C:\\william\\PennState\\2018Spring\\CMPSC431W-DB\\project\\web\\site\\php\\placeBid.php on line 206, referer: http://localhost/
[Sat Apr 21 01:44:26.945989 2018] [php7:notice] [pid 10840:tid 936] [client ::1:59204] PHP Notice:  Undefined variable: confirmation in C:\\william\\PennState\\2018Spring\\CMPSC431W-DB\\project\\web\\site\\php\\placeBid.php on line 211, referer: http://localhost/
[Sat Apr 21 01:44:26.945989 2018] [php7:notice] [pid 10840:tid 936] [client ::1:59204] PHP Notice:  Undefined variable: email in C:\\william\\PennState\\2018Spring\\CMPSC431W-DB\\project\\web\\site\\php\\placeBid.php on line 212, referer: http://localhost/
[Sat Apr 21 01:46:28.574437 2018] [php7:notice] [pid 10840:tid 932] [client ::1:59216] PHP Notice:  Undefined variable: confirmation in C:\\william\\PennState\\2018Spring\\CMPSC431W-DB\\project\\web\\site\\php\\placeBid.php on line 205, referer: http://localhost/
[Sat Apr 21 01:46:28.574437 2018] [php7:notice] [pid 10840:tid 932] [client ::1:59216] PHP Notice:  Undefined variable: email in C:\\william\\PennState\\2018Spring\\CMPSC431W-DB\\project\\web\\site\\php\\placeBid.php on line 206, referer: http://localhost/
[Sat Apr 21 01:46:28.574437 2018] [php7:notice] [pid 10840:tid 932] [client ::1:59216] PHP Notice:  Undefined variable: confirmation in C:\\william\\PennState\\2018Spring\\CMPSC431W-DB\\project\\web\\site\\php\\placeBid.php on line 211, referer: http://localhost/
[Sat Apr 21 01:46:28.574437 2018] [php7:notice] [pid 10840:tid 932] [client ::1:59216] PHP Notice:  Undefined variable: email in C:\\william\\PennState\\2018Spring\\CMPSC431W-DB\\project\\web\\site\\php\\placeBid.php on line 212, referer: http://localhost/
[Sat Apr 21 01:49:12.143573 2018] [php7:notice] [pid 10840:tid 932] [client ::1:59234] PHP Notice:  Undefined variable: confirmation in C:\\william\\PennState\\2018Spring\\CMPSC431W-DB\\project\\web\\site\\php\\placeBid.php on line 203, referer: http://localhost/
[Sat Apr 21 01:49:12.143573 2018] [php7:notice] [pid 10840:tid 932] [client ::1:59234] PHP Notice:  Undefined variable: email in C:\\william\\PennState\\2018Spring\\CMPSC431W-DB\\project\\web\\site\\php\\placeBid.php on line 204, referer: http://localhost/
[Sat Apr 21 01:49:12.143573 2018] [php7:notice] [pid 10840:tid 932] [client ::1:59234] PHP Notice:  Undefined variable: confirmation in C:\\william\\PennState\\2018Spring\\CMPSC431W-DB\\project\\web\\site\\php\\placeBid.php on line 206, referer: http://localhost/
[Sat Apr 21 01:49:12.143573 2018] [php7:notice] [pid 10840:tid 932] [client ::1:59234] PHP Notice:  Undefined variable: email in C:\\william\\PennState\\2018Spring\\CMPSC431W-DB\\project\\web\\site\\php\\placeBid.php on line 207, referer: http://localhost/
[Sat Apr 21 01:49:12.143573 2018] [php7:notice] [pid 10840:tid 932] [client ::1:59234] PHP Notice:  Undefined variable: confirmation in C:\\william\\PennState\\2018Spring\\CMPSC431W-DB\\project\\web\\site\\php\\placeBid.php on line 212, referer: http://localhost/
[Sat Apr 21 01:49:12.143573 2018] [php7:notice] [pid 10840:tid 932] [client ::1:59234] PHP Notice:  Undefined variable: email in C:\\william\\PennState\\2018Spring\\CMPSC431W-DB\\project\\web\\site\\php\\placeBid.php on line 213, referer: http://localhost/
[Sat Apr 21 01:57:15.578094 2018] [php7:notice] [pid 10840:tid 932] [client ::1:59258] PHP Notice:  Undefined variable: confirmation in C:\\william\\PennState\\2018Spring\\CMPSC431W-DB\\project\\web\\site\\php\\placeBid.php on line 203, referer: http://localhost/
[Sat Apr 21 01:57:15.578094 2018] [php7:notice] [pid 10840:tid 932] [client ::1:59258] PHP Notice:  Undefined variable: email in C:\\william\\PennState\\2018Spring\\CMPSC431W-DB\\project\\web\\site\\php\\placeBid.php on line 204, referer: http://localhost/
[Sat Apr 21 01:57:15.578094 2018] [php7:notice] [pid 10840:tid 932] [client ::1:59258] PHP Notice:  Undefined variable: confirmation in C:\\william\\PennState\\2018Spring\\CMPSC431W-DB\\project\\web\\site\\php\\placeBid.php on line 206, referer: http://localhost/
[Sat Apr 21 01:57:15.578094 2018] [php7:notice] [pid 10840:tid 932] [client ::1:59258] PHP Notice:  Undefined variable: email in C:\\william\\PennState\\2018Spring\\CMPSC431W-DB\\project\\web\\site\\php\\placeBid.php on line 207, referer: http://localhost/
[Sat Apr 21 01:57:15.578094 2018] [php7:notice] [pid 10840:tid 932] [client ::1:59258] PHP Notice:  Undefined variable: confirmation in C:\\william\\PennState\\2018Spring\\CMPSC431W-DB\\project\\web\\site\\php\\placeBid.php on line 212, referer: http://localhost/
[Sat Apr 21 01:57:15.578094 2018] [php7:notice] [pid 10840:tid 932] [client ::1:59258] PHP Notice:  Undefined variable: email in C:\\william\\PennState\\2018Spring\\CMPSC431W-DB\\project\\web\\site\\php\\placeBid.php on line 213, referer: http://localhost/
[Sat Apr 21 01:57:40.878678 2018] [php7:notice] [pid 10840:tid 932] [client ::1:59261] PHP Notice:  Undefined variable: confirmation in C:\\william\\PennState\\2018Spring\\CMPSC431W-DB\\project\\web\\site\\php\\placeBid.php on line 203, referer: http://localhost/
[Sat Apr 21 01:57:40.878678 2018] [php7:notice] [pid 10840:tid 932] [client ::1:59261] PHP Notice:  Undefined variable: email in C:\\william\\PennState\\2018Spring\\CMPSC431W-DB\\project\\web\\site\\php\\placeBid.php on line 204, referer: http://localhost/
[Sat Apr 21 01:57:40.878678 2018] [php7:notice] [pid 10840:tid 932] [client ::1:59261] PHP Notice:  Undefined variable: confirmation in C:\\william\\PennState\\2018Spring\\CMPSC431W-DB\\project\\web\\site\\php\\placeBid.php on line 206, referer: http://localhost/
[Sat Apr 21 01:57:40.878678 2018] [php7:notice] [pid 10840:tid 932] [client ::1:59261] PHP Notice:  Undefined variable: email in C:\\william\\PennState\\2018Spring\\CMPSC431W-DB\\project\\web\\site\\php\\placeBid.php on line 207, referer: http://localhost/
[Sat Apr 21 01:57:40.878678 2018] [php7:notice] [pid 10840:tid 932] [client ::1:59261] PHP Notice:  Undefined variable: confirmation in C:\\william\\PennState\\2018Spring\\CMPSC431W-DB\\project\\web\\site\\php\\placeBid.php on line 212, referer: http://localhost/
[Sat Apr 21 01:57:40.878678 2018] [php7:notice] [pid 10840:tid 932] [client ::1:59261] PHP Notice:  Undefined variable: email in C:\\william\\PennState\\2018Spring\\CMPSC431W-DB\\project\\web\\site\\php\\placeBid.php on line 213, referer: http://localhost/
[Sat Apr 21 02:09:10.729846 2018] [php7:notice] [pid 10840:tid 932] [client ::1:59308] PHP Notice:  Undefined variable: confirmation in C:\\william\\PennState\\2018Spring\\CMPSC431W-DB\\project\\web\\site\\php\\placeBid.php on line 206, referer: http://localhost/
[Sat Apr 21 02:09:10.729846 2018] [php7:notice] [pid 10840:tid 932] [client ::1:59308] PHP Notice:  Undefined variable: email in C:\\william\\PennState\\2018Spring\\CMPSC431W-DB\\project\\web\\site\\php\\placeBid.php on line 207, referer: http://localhost/
[Sat Apr 21 02:09:10.730847 2018] [php7:notice] [pid 10840:tid 932] [client ::1:59308] PHP Notice:  Undefined variable: confirmation in C:\\william\\PennState\\2018Spring\\CMPSC431W-DB\\project\\web\\site\\php\\placeBid.php on line 212, referer: http://localhost/
[Sat Apr 21 02:09:10.730847 2018] [php7:notice] [pid 10840:tid 932] [client ::1:59308] PHP Notice:  Undefined variable: email in C:\\william\\PennState\\2018Spring\\CMPSC431W-DB\\project\\web\\site\\php\\placeBid.php on line 213, referer: http://localhost/
[Sat Apr 21 02:22:13.881872 2018] [php7:crit] [pid 10840:tid 932] [client ::1:59321] PHP Parse error:  syntax error, unexpected '*' in C:\\william\\PennState\\2018Spring\\CMPSC431W-DB\\project\\web\\site\\php\\placeBid.php on line 228, referer: http://localhost/
[Sat Apr 21 03:30:02.768284 2018] [mpm_winnt:notice] [pid 7732:tid 348] AH00422: Parent: Received shutdown signal -- Shutting down the server.
[Sat Apr 21 03:30:04.771483 2018] [mpm_winnt:notice] [pid 10840:tid 356] AH00364: Child: All worker threads have exited.
[Sat Apr 21 03:30:05.321637 2018] [mpm_winnt:notice] [pid 7732:tid 348] AH00430: Parent: Child process 10840 exited successfully.
[Sat Apr 21 03:37:04.399104 2018] [ssl:warn] [pid 11952:tid 348] AH01909: localhost:443:0 server certificate does NOT include an ID which matches the server name
[Sat Apr 21 03:37:04.517278 2018] [ssl:warn] [pid 11952:tid 348] AH01909: localhost:443:0 server certificate does NOT include an ID which matches the server name
[Sat Apr 21 03:37:04.529269 2018] [mpm_winnt:notice] [pid 11952:tid 348] AH00455: Apache/2.4.33 (Win64) OpenSSL/1.1.0h PHP/7.1.16 configured -- resuming normal operations
[Sat Apr 21 03:37:04.529269 2018] [mpm_winnt:notice] [pid 11952:tid 348] AH00456: Server built: Mar 17 2018 21:05:15
[Sat Apr 21 03:37:04.529269 2018] [core:notice] [pid 11952:tid 348] AH00094: Command line: 'C:\\Apache24\\bin\\httpd.exe -d C:/Apache24'
[Sat Apr 21 03:37:04.530270 2018] [mpm_winnt:notice] [pid 11952:tid 348] AH00418: Parent: Created child process 11120
Apache server shutdown initiated...
sl:warn] [pid 11120:tid 356] AH01909: localhost:443:0 server certificate does NOT include an ID which matches the server name
[Sat Apr 21 03:37:04.896187 2018] [ssl:warn] [pid 11120:tid 356] AH01909: localhost:443:0 server certificate does NOT include an ID which matches the server name
[Sat Apr 21 03:37:04.921199 2018] [mpm_winnt:notice] [pid 11120:tid 356] AH00354: Child: Starting 64 worker threads.
[Sat Apr 21 06:42:51.904467 2018] [mpm_winnt:notice] [pid 11952:tid 348] AH00422: Parent: Received shutdown signal -- Shutting down the server.
[Sat Apr 21 06:42:55.059539 2018] [mpm_winnt:notice] [pid 11120:tid 356] AH00364: Child: All worker threads have exited.
[Sat Apr 21 18:09:55.621898 2018] [ssl:warn] [pid 6768:tid 348] AH01909: localhost:443:0 server certificate does NOT include an ID which matches the server name
[Sat Apr 21 18:09:55.739923 2018] [core:warn] [pid 6768:tid 348] AH00098: pid file C:/Apache24/logs/httpd.pid overwritten -- Unclean shutdown of previous Apache run?
[Sat Apr 21 18:09:55.755491 2018] [ssl:warn] [pid 6768:tid 348] AH01909: localhost:443:0 server certificate does NOT include an ID which matches the server name
[Sat Apr 21 18:09:56.418927 2018] [mpm_winnt:notice] [pid 6768:tid 348] AH00455: Apache/2.4.33 (Win64) OpenSSL/1.1.0h PHP/7.1.16 configured -- resuming normal operations
[Sat Apr 21 18:09:56.418927 2018] [mpm_winnt:notice] [pid 6768:tid 348] AH00456: Server built: Mar 17 2018 21:05:15
[Sat Apr 21 18:09:56.418927 2018] [core:notice] [pid 6768:tid 348] AH00094: Command line: 'C:\\Apache24\\bin\\httpd.exe -d C:/Apache24'
[Sat Apr 21 18:09:56.418927 2018] [mpm_winnt:notice] [pid 6768:tid 348] AH00418: Parent: Created child process 1816
Apache server shutdown initiated...
sl:warn] [pid 1816:tid 356] AH01909: localhost:443:0 server certificate does NOT include an ID which matches the server name
[Sat Apr 21 18:09:56.755847 2018] [ssl:warn] [pid 1816:tid 356] AH01909: localhost:443:0 server certificate does NOT include an ID which matches the server name
[Sat Apr 21 18:09:56.771447 2018] [mpm_winnt:notice] [pid 1816:tid 356] AH00354: Child: Starting 64 worker threads.
[Sat Apr 21 22:47:31.714495 2018] [php7:notice] [pid 1816:tid 920] [client ::1:51423] PHP Notice:  Undefined index: auctionid in C:\\william\\PennState\\2018Spring\\CMPSC431W-DB\\project\\web\\site\\php\\placeBid.php on line 24
[Sat Apr 21 22:47:31.721741 2018] [php7:notice] [pid 1816:tid 920] [client ::1:51423] PHP Notice:  Undefined index: userid in C:\\william\\PennState\\2018Spring\\CMPSC431W-DB\\project\\web\\site\\php\\placeBid.php on line 25
[Sat Apr 21 22:47:31.722703 2018] [php7:notice] [pid 1816:tid 920] [client ::1:51423] PHP Notice:  Undefined index: bidamount in C:\\william\\PennState\\2018Spring\\CMPSC431W-DB\\project\\web\\site\\php\\placeBid.php on line 26
[Sat Apr 21 22:47:31.722703 2018] [php7:notice] [pid 1816:tid 920] [client ::1:51423] PHP Notice:  Undefined index: buynowprice in C:\\william\\PennState\\2018Spring\\CMPSC431W-DB\\project\\web\\site\\php\\placeBid.php on line 27
[Sat Apr 21 22:48:06.575243 2018] [php7:notice] [pid 1816:tid 920] [client ::1:51436] PHP Notice:  Undefined index: auctionid in C:\\william\\PennState\\2018Spring\\CMPSC431W-DB\\project\\web\\site\\php\\placeBid.php on line 24
[Sat Apr 21 22:48:06.576270 2018] [php7:notice] [pid 1816:tid 920] [client ::1:51436] PHP Notice:  Undefined index: userid in C:\\william\\PennState\\2018Spring\\CMPSC431W-DB\\project\\web\\site\\php\\placeBid.php on line 25
[Sat Apr 21 22:48:06.576270 2018] [php7:notice] [pid 1816:tid 920] [client ::1:51436] PHP Notice:  Undefined index: bidamount in C:\\william\\PennState\\2018Spring\\CMPSC431W-DB\\project\\web\\site\\php\\placeBid.php on line 26
[Sat Apr 21 22:48:06.576270 2018] [php7:notice] [pid 1816:tid 920] [client ::1:51436] PHP Notice:  Undefined index: buynowprice in C:\\william\\PennState\\2018Spring\\CMPSC431W-DB\\project\\web\\site\\php\\placeBid.php on line 27
[Sun Apr 22 06:26:58.864880 2018] [php7:notice] [pid 1816:tid 916] [client ::1:54205] PHP Notice:  Undefined index: auctionid in C:\\william\\PennState\\2018Spring\\CMPSC431W-DB\\project\\web\\site\\php\\placeBid.php on line 24
[Sun Apr 22 06:26:58.864880 2018] [php7:notice] [pid 1816:tid 916] [client ::1:54205] PHP Notice:  Undefined index: userid in C:\\william\\PennState\\2018Spring\\CMPSC431W-DB\\project\\web\\site\\php\\placeBid.php on line 25
[Sun Apr 22 06:26:58.864880 2018] [php7:notice] [pid 1816:tid 916] [client ::1:54205] PHP Notice:  Undefined index: bidamount in C:\\william\\PennState\\2018Spring\\CMPSC431W-DB\\project\\web\\site\\php\\placeBid.php on line 26
[Sun Apr 22 06:26:58.864880 2018] [php7:notice] [pid 1816:tid 916] [client ::1:54205] PHP Notice:  Undefined index: buynowprice in C:\\william\\PennState\\2018Spring\\CMPSC431W-DB\\project\\web\\site\\php\\placeBid.php on line 27
[Sun Apr 22 06:57:20.104231 2018] [mpm_winnt:notice] [pid 6768:tid 348] AH00422: Parent: Received shutdown signal -- Shutting down the server.
[Sun Apr 22 06:57:22.141648 2018] [mpm_winnt:notice] [pid 1816:tid 356] AH00364: Child: All worker threads have exited.
[Sun Apr 22 06:57:22.204150 2018] [mpm_winnt:notice] [pid 6768:tid 348] AH00430: Parent: Child process 1816 exited successfully.
[Sun Apr 22 22:45:37.794381 2018] [ssl:warn] [pid 6688:tid 352] AH01909: localhost:443:0 server certificate does NOT include an ID which matches the server name
[Sun Apr 22 22:45:37.856861 2018] [ssl:warn] [pid 6688:tid 352] AH01909: localhost:443:0 server certificate does NOT include an ID which matches the server name
[Sun Apr 22 22:45:37.856861 2018] [mpm_winnt:notice] [pid 6688:tid 352] AH00455: Apache/2.4.33 (Win64) OpenSSL/1.1.0h PHP/7.1.16 configured -- resuming normal operations
[Sun Apr 22 22:45:37.856861 2018] [mpm_winnt:notice] [pid 6688:tid 352] AH00456: Server built: Mar 17 2018 21:05:15
[Sun Apr 22 22:45:37.856861 2018] [core:notice] [pid 6688:tid 352] AH00094: Command line: 'C:\\Apache24\\bin\\httpd.exe -d C:/Apache24'
[Sun Apr 22 22:45:37.872485 2018] [mpm_winnt:notice] [pid 6688:tid 352] AH00418: Parent: Created child process 7332
Apache server shutdown initiated...
sl:warn] [pid 7332:tid 360] AH01909: localhost:443:0 server certificate does NOT include an ID which matches the server name
[Sun Apr 22 22:45:38.132858 2018] [ssl:warn] [pid 7332:tid 360] AH01909: localhost:443:0 server certificate does NOT include an ID which matches the server name
[Sun Apr 22 22:45:38.132858 2018] [mpm_winnt:notice] [pid 7332:tid 360] AH00354: Child: Starting 64 worker threads.
[Sun Apr 22 23:08:23.695190 2018] [php7:notice] [pid 7332:tid 892] [client ::1:55664] PHP Notice:  Undefined index: username in C:\\william\\PennState\\2018Spring\\CMPSC431W-DB\\project\\web\\site\\php\\validateUsernamePassword.php on line 24
[Sun Apr 22 23:08:23.695190 2018] [php7:notice] [pid 7332:tid 892] [client ::1:55664] PHP Notice:  Undefined index: password in C:\\william\\PennState\\2018Spring\\CMPSC431W-DB\\project\\web\\site\\php\\validateUsernamePassword.php on line 25
[Mon Apr 23 04:07:14.860528 2018] [php7:error] [pid 7332:tid 908] [client ::1:57022] script 'C:/william/PennState/2018Spring/CMPSC431W-DB/project/web/site/upload.php' not found or unable to stat, referer: http://localhost/
[Mon Apr 23 04:32:31.335587 2018] [php7:notice] [pid 7332:tid 908] [client ::1:57151] PHP Notice:  Undefined index: fileToUpload in C:\\william\\PennState\\2018Spring\\CMPSC431W-DB\\project\\web\\site\\php\\loadFile.php on line 5, referer: http://localhost/
[Mon Apr 23 04:32:31.335587 2018] [php7:notice] [pid 7332:tid 908] [client ::1:57151] PHP Notice:  Undefined index: fileToUpload in C:\\william\\PennState\\2018Spring\\CMPSC431W-DB\\project\\web\\site\\php\\loadFile.php on line 25, referer: http://localhost/
[Mon Apr 23 04:48:05.918331 2018] [php7:notice] [pid 7332:tid 900] [client ::1:57215] PHP Notice:  Undefined index: fileToUpload in C:\\william\\PennState\\2018Spring\\CMPSC431W-DB\\project\\web\\site\\php\\loadFile.php on line 5, referer: http://localhost/
[Mon Apr 23 04:48:05.918331 2018] [php7:notice] [pid 7332:tid 900] [client ::1:57215] PHP Notice:  Undefined index: fileToUpload in C:\\william\\PennState\\2018Spring\\CMPSC431W-DB\\project\\web\\site\\php\\loadFile.php on line 25, referer: http://localhost/
[Mon Apr 23 04:50:24.032371 2018] [php7:notice] [pid 7332:tid 900] [client ::1:57251] PHP Notice:  Undefined index: fileToUpload in C:\\william\\PennState\\2018Spring\\CMPSC431W-DB\\project\\web\\site\\php\\loadFile.php on line 5, referer: http://localhost/
[Mon Apr 23 04:50:24.032371 2018] [php7:notice] [pid 7332:tid 900] [client ::1:57251] PHP Notice:  Undefined index: fileToUpload in C:\\william\\PennState\\2018Spring\\CMPSC431W-DB\\project\\web\\site\\php\\loadFile.php on line 10, referer: http://localhost/
[Mon Apr 23 04:50:24.094887 2018] [php7:warn] [pid 7332:tid 900] [client ::1:57251] PHP Warning:  getimagesize(): Filename cannot be empty in C:\\william\\PennState\\2018Spring\\CMPSC431W-DB\\project\\web\\site\\php\\loadFile.php on line 10, referer: http://localhost/
[Mon Apr 23 04:50:24.094887 2018] [php7:notice] [pid 7332:tid 900] [client ::1:57251] PHP Notice:  Undefined index: fileToUpload in C:\\william\\PennState\\2018Spring\\CMPSC431W-DB\\project\\web\\site\\php\\loadFile.php on line 25, referer: http://localhost/
[Mon Apr 23 05:00:10.796473 2018] [php7:warn] [pid 7332:tid 900] [client ::1:57286] PHP Warning:  getimagesize(): Filename cannot be empty in C:\\william\\PennState\\2018Spring\\CMPSC431W-DB\\project\\web\\site\\php\\loadFile.php on line 11, referer: http://localhost/
[Mon Apr 23 05:17:53.295117 2018] [php7:warn] [pid 7332:tid 920] [client ::1:57340] PHP Warning:  move_uploaded_file(image/antique-1.jpg): failed to open stream: No such file or directory in C:\\william\\PennState\\2018Spring\\CMPSC431W-DB\\project\\web\\site\\php\\loadFile.php on line 41, referer: http://localhost/
[Mon Apr 23 05:17:53.296117 2018] [php7:warn] [pid 7332:tid 920] [client ::1:57340] PHP Warning:  move_uploaded_file(): Unable to move 'C:\\Users\\cryptoMod\\AppData\\Local\\Temp\\php276E.tmp' to 'image/antique-1.jpg' in C:\\william\\PennState\\2018Spring\\CMPSC431W-DB\\project\\web\\site\\php\\loadFile.php on line 41, referer: http://localhost/
[Mon Apr 23 08:47:08.265263 2018] [php7:notice] [pid 7332:tid 892] [client ::1:58096] PHP Notice:  Undefined index: userid in C:\\william\\PennState\\2018Spring\\CMPSC431W-DB\\project\\web\\site\\php\\createAnAuction.php on line 51, referer: http://localhost/
[Mon Apr 23 08:47:08.280887 2018] [php7:warn] [pid 7332:tid 892] [client ::1:58096] PHP Warning:  move_uploaded_file(images/1antique-1.jpg): failed to open stream: No such file or directory in C:\\william\\PennState\\2018Spring\\CMPSC431W-DB\\project\\web\\site\\php\\createAnAuction.php on line 97, referer: http://localhost/
[Mon Apr 23 08:47:08.280887 2018] [php7:warn] [pid 7332:tid 892] [client ::1:58096] PHP Warning:  move_uploaded_file(): Unable to move 'C:\\Users\\cryptoMod\\AppData\\Local\\Temp\\phpB71C.tmp' to 'images/1antique-1.jpg' in C:\\william\\PennState\\2018Spring\\CMPSC431W-DB\\project\\web\\site\\php\\createAnAuction.php on line 97, referer: http://localhost/
[Mon Apr 23 08:55:16.286011 2018] [php7:error] [pid 7332:tid 928] [client ::1:58147] script 'C:/william/PennState/2018Spring/CMPSC431W-DB/project/web/site/php/loadFile.php' not found or unable to stat, referer: http://localhost/
[Mon Apr 23 08:57:18.365146 2018] [php7:warn] [pid 7332:tid 928] [client ::1:58174] PHP Warning:  move_uploaded_file(images/1antique-1.jpg): failed to open stream: No such file or directory in C:\\william\\PennState\\2018Spring\\CMPSC431W-DB\\project\\web\\site\\php\\createAnAuction.php on line 97, referer: http://localhost/
[Mon Apr 23 08:57:18.404990 2018] [php7:warn] [pid 7332:tid 928] [client ::1:58174] PHP Warning:  move_uploaded_file(): Unable to move 'C:\\Users\\cryptoMod\\AppData\\Local\\Temp\\php689.tmp' to 'images/1antique-1.jpg' in C:\\william\\PennState\\2018Spring\\CMPSC431W-DB\\project\\web\\site\\php\\createAnAuction.php on line 97, referer: http://localhost/
[Tue Apr 24 03:22:48.437687 2018] [php7:error] [pid 7332:tid 892] [client ::1:49673] script 'C:/william/PennState/2018Spring/CMPSC431W-DB/project/web/site/php/terminateAuction.php' not found or unable to stat, referer: http://localhost/
[Tue Apr 24 03:24:00.406064 2018] [php7:error] [pid 7332:tid 892] [client ::1:49674] script 'C:/william/PennState/2018Spring/CMPSC431W-DB/project/web/site/php/terminateAuction.php' not found or unable to stat, referer: http://localhost/
[Tue Apr 24 03:26:47.596481 2018] [php7:notice] [pid 7332:tid 892] [client ::1:49686] PHP Notice:  Undefined variable: todayTime in C:\\william\\PennState\\2018Spring\\CMPSC431W-DB\\project\\web\\site\\php\\php_utilities.php on line 160, referer: http://localhost/
[Tue Apr 24 03:26:47.643359 2018] [php7:notice] [pid 7332:tid 892] [client ::1:49686] PHP Notice:  Undefined variable: todayTime in C:\\william\\PennState\\2018Spring\\CMPSC431W-DB\\project\\web\\site\\php\\php_utilities.php on line 160, referer: http://localhost/
[Tue Apr 24 03:26:47.643359 2018] [php7:notice] [pid 7332:tid 892] [client ::1:49686] PHP Notice:  Undefined variable: todayTime in C:\\william\\PennState\\2018Spring\\CMPSC431W-DB\\project\\web\\site\\php\\php_utilities.php on line 160, referer: http://localhost/
[Tue Apr 24 03:26:47.643359 2018] [php7:notice] [pid 7332:tid 892] [client ::1:49686] PHP Notice:  Undefined variable: todayTime in C:\\william\\PennState\\2018Spring\\CMPSC431W-DB\\project\\web\\site\\php\\php_utilities.php on line 160, referer: http://localhost/
[Tue Apr 24 03:26:47.643359 2018] [php7:notice] [pid 7332:tid 892] [client ::1:49686] PHP Notice:  Undefined variable: todayTime in C:\\william\\PennState\\2018Spring\\CMPSC431W-DB\\project\\web\\site\\php\\php_utilities.php on line 160, referer: http://localhost/
[Tue Apr 24 03:26:47.643359 2018] [php7:notice] [pid 7332:tid 892] [client ::1:49686] PHP Notice:  Undefined variable: todayTime in C:\\william\\PennState\\2018Spring\\CMPSC431W-DB\\project\\web\\site\\php\\php_utilities.php on line 160, referer: http://localhost/
[Tue Apr 24 03:26:47.721484 2018] [php7:notice] [pid 7332:tid 892] [client ::1:49686] PHP Notice:  Undefined variable: todayTime in C:\\william\\PennState\\2018Spring\\CMPSC431W-DB\\project\\web\\site\\php\\php_utilities.php on line 160, referer: http://localhost/
[Tue Apr 24 04:11:41.017989 2018] [mpm_winnt:notice] [pid 6688:tid 352] AH00422: Parent: Received shutdown signal -- Shutting down the server.
[Tue Apr 24 04:11:43.080738 2018] [mpm_winnt:notice] [pid 7332:tid 360] AH00364: Child: All worker threads have exited.
[Tue Apr 24 04:11:44.487215 2018] [mpm_winnt:notice] [pid 6688:tid 352] AH00430: Parent: Child process 7332 exited successfully.
[Tue Apr 24 18:08:27.837251 2018] [ssl:warn] [pid 5428:tid 348] AH01909: localhost:443:0 server certificate does NOT include an ID which matches the server name
[Tue Apr 24 18:08:27.884148 2018] [ssl:warn] [pid 5428:tid 348] AH01909: localhost:443:0 server certificate does NOT include an ID which matches the server name
[Tue Apr 24 18:08:27.899753 2018] [mpm_winnt:notice] [pid 5428:tid 348] AH00455: Apache/2.4.33 (Win64) OpenSSL/1.1.0h PHP/7.1.16 configured -- resuming normal operations
[Tue Apr 24 18:08:27.899753 2018] [mpm_winnt:notice] [pid 5428:tid 348] AH00456: Server built: Mar 17 2018 21:05:15
[Tue Apr 24 18:08:27.899753 2018] [core:notice] [pid 5428:tid 348] AH00094: Command line: 'C:\\Apache24\\bin\\httpd.exe -d C:/Apache24'
[Tue Apr 24 18:08:27.899753 2018] [mpm_winnt:notice] [pid 5428:tid 348] AH00418: Parent: Created child process 12760
Apache server shutdown initiated...
sl:warn] [pid 12760:tid 356] AH01909: localhost:443:0 server certificate does NOT include an ID which matches the server name
[Tue Apr 24 18:08:28.160262 2018] [ssl:warn] [pid 12760:tid 356] AH01909: localhost:443:0 server certificate does NOT include an ID which matches the server name
[Tue Apr 24 18:08:28.175888 2018] [mpm_winnt:notice] [pid 12760:tid 356] AH00354: Child: Starting 64 worker threads.
[Tue Apr 24 18:44:04.898633 2018] [mpm_winnt:notice] [pid 5428:tid 348] AH00422: Parent: Received shutdown signal -- Shutting down the server.
[Tue Apr 24 18:44:06.906745 2018] [mpm_winnt:notice] [pid 12760:tid 356] AH00364: Child: All worker threads have exited.
[Tue Apr 24 18:44:07.297376 2018] [mpm_winnt:notice] [pid 5428:tid 348] AH00430: Parent: Child process 12760 exited successfully.
